2026-06-24T03:56:45Z INF Thank you for trying Cloudflare Tunnel. Doing so, without a Cloudflare account, is a quick way to experiment and try it out. However, be aware that these account-less Tunnels have no uptime guarantee, are subject to the Cloudflare Online Services Terms of Use (https://www.cloudflare.com/website-terms/), and Cloudflare reserves the right to investigate your use of Tunnels for violations of such terms. If you intend to use Tunnels in production you should use a pre-created named tunnel by following: https://developers.cloudflare.com/cloudflare-one/connections/connect-apps
2026-06-24T03:56:45Z INF Requesting new quick Tunnel on trycloudflare.com...
2026-06-24T03:56:49Z INF +--------------------------------------------------------------------------------------------+
2026-06-24T03:56:49Z INF |  Your quick Tunnel has been created! Visit it at (it may take some time to be reachable):  |
2026-06-24T03:56:49Z INF |  https://blend-filing-enzyme-articles.trycloudflare.com                                    |
2026-06-24T03:56:49Z INF +--------------------------------------------------------------------------------------------+
2026-06-24T03:56:49Z INF Cannot determine default configuration path. No file [config.yml config.yaml] in [~/.cloudflared ~/.cloudflare-warp ~/cloudflare-warp]
2026-06-24T03:56:49Z INF Version 2026.6.1 (Checksum 5253e66f1f493c4e13539749f1aa86fd0c61e3072900fec29a44ba046a6d97e2)
2026-06-24T03:56:49Z INF GOOS: windows, GOVersion: go1.26.4, GoArch: amd64
2026-06-24T03:56:49Z INF Settings: map[ha-connections:1 protocol:quic url:http://localhost:8080]
2026-06-24T03:56:49Z INF cloudflared will not automatically update on Windows systems.
2026-06-24T03:56:49Z INF Generated Connector ID: c9deda20-b9db-4f9f-80f4-59a2d8b5b46a
2026-06-24T03:56:49Z INF Initial protocol quic
2026-06-24T03:56:49Z INF ICMP proxy will use 10.9.84.22 as source for IPv4
2026-06-24T03:56:49Z INF ICMP proxy will use fe80::663d:a182:3150:571 in zone WLAN as source for IPv6
2026-06-24T03:56:49Z INF cloudflared does not support loading the system root certificate pool on Windows. Please use --origin-ca-pool <PATH> to specify the path to the certificate pool
2026-06-24T03:56:49Z INF ICMP proxy will use 10.9.84.22 as source for IPv4
2026-06-24T03:56:49Z INF Tunnel connection curve preferences: [X25519MLKEM768 CurveID(65074) CurveP256] connIndex=0 event=0 ip=198.41.200.63
2026-06-24T03:56:49Z INF ICMP proxy will use fe80::663d:a182:3150:571 in zone WLAN as source for IPv6
2026-06-24T03:56:49Z INF Starting metrics server on 127.0.0.1:20241/metrics
2026-06-24T03:56:49Z INF Registered tunnel connection connIndex=0 connection=efcccb7c-4e4b-4c85-af74-4dd3f685a911 event=0 ip=198.41.200.63 location=lax01 protocol=quic
2026-06-24T03:56:49Z INF +-------------------------------------------------------------------------------------+
2026-06-24T03:56:49Z INF |                               CONNECTIVITY PRE-CHECKS                               |
2026-06-24T03:56:49Z INF +-------------------------------------------------------------------------------------+
2026-06-24T03:56:49Z INF |  COMPONENT         TARGET                     STATUS  DETAILS                       |
2026-06-24T03:56:49Z INF |  DNS Resolution    region1.v2.argotunnel.com  PASS    DNS Resolved successfully     |
2026-06-24T03:56:49Z INF |  DNS Resolution    region2.v2.argotunnel.com  PASS    DNS Resolved successfully     |
2026-06-24T03:56:49Z INF |  UDP Connectivity  region1.v2.argotunnel.com  PASS    QUIC connection successful    |
2026-06-24T03:56:49Z INF |  UDP Connectivity  region2.v2.argotunnel.com  PASS    QUIC connection successful    |
2026-06-24T03:56:49Z INF |  TCP Connectivity  region1.v2.argotunnel.com  PASS    HTTP/2 connection successful  |
2026-06-24T03:56:49Z INF |  TCP Connectivity  region2.v2.argotunnel.com  PASS    HTTP/2 connection successful  |
2026-06-24T03:56:49Z INF |  Cloudflare API    api.cloudflare.com:443     PASS    API is reachable              |
2026-06-24T03:56:49Z INF |                                                                                     |
2026-06-24T03:56:49Z INF |  SUMMARY: Environment is healthy. cloudflared will use 'quic' as primary protocol.  |
2026-06-24T03:56:49Z INF +-------------------------------------------------------------------------------------+
2026-06-24T03:56:49Z INF precheck component="DNS Resolution" details="DNS Resolved successfully" run_id=88fc7f59-db01-4fdd-9a26-2f80677d0a2b status=pass target=region1.v2.argotunnel.com
2026-06-24T03:56:49Z INF precheck component="DNS Resolution" details="DNS Resolved successfully" run_id=88fc7f59-db01-4fdd-9a26-2f80677d0a2b status=pass target=region2.v2.argotunnel.com
2026-06-24T03:56:49Z INF precheck component="UDP Connectivity" details="QUIC connection successful" run_id=88fc7f59-db01-4fdd-9a26-2f80677d0a2b status=pass target=region1.v2.argotunnel.com
2026-06-24T03:56:49Z INF precheck component="UDP Connectivity" details="QUIC connection successful" run_id=88fc7f59-db01-4fdd-9a26-2f80677d0a2b status=pass target=region2.v2.argotunnel.com
2026-06-24T03:56:49Z INF precheck component="TCP Connectivity" details="HTTP/2 connection successful" run_id=88fc7f59-db01-4fdd-9a26-2f80677d0a2b status=pass target=region1.v2.argotunnel.com
2026-06-24T03:56:49Z INF precheck component="TCP Connectivity" details="HTTP/2 connection successful" run_id=88fc7f59-db01-4fdd-9a26-2f80677d0a2b status=pass target=region2.v2.argotunnel.com
2026-06-24T03:56:49Z INF precheck component="Cloudflare API" details="API is reachable" run_id=88fc7f59-db01-4fdd-9a26-2f80677d0a2b status=pass target=api.cloudflare.com:443
2026-06-24T03:56:49Z INF precheck complete hard_fail=false run_id=88fc7f59-db01-4fdd-9a26-2f80677d0a2b suggested_protocol=quic
